Base path: C:/Program Files/Unity5/Editor/Data
Cmd: initializeCompiler
Cmd: disassembleShader
  api=4 insize=1806 outsize=3163 ok=1
Cmd: disassembleShader
  api=4 insize=1726 outsize=3116 ok=1
Cmd: disassembleShader
  api=4 insize=1982 outsize=3444 ok=1
Cmd: disassembleShader
  api=4 insize=2342 outsize=3902 ok=1
Cmd: compileSnippet
  api=4 type=0 insize=1468 outsize=1930 kw=DIRECTIONAL _EMISSION VERTEXLIGHT_ON _METALLICGLOSSMAP _NORMALMAP pd=UNITY_ENABLE_REFLECTION_BUFFERS UNITY_USE_DITHER_MASK_FOR_ALPHABLENDED_SHADOWS UNITY_PBS_USE_BRDF1 UNITY_SPECCUBE_BOX_PROJECTION UNITY_SPECCUBE_BLENDING UNITY_ENABLE_DETAIL_NORMALMAP SHADER_API_DESKTOP UNITY_LIGHT_PROBE_PROXY_VOLUME UNITY_LIGHTMAP_FULL_HDR ok=1
Cmd: disassembleShader
  api=4 insize=1930 outsize=3319 ok=1
Cmd: disassembleShader
  api=4 insize=7206 outsize=10119 ok=1
Cmd: disassembleShader
  api=4 insize=6286 outsize=8905 ok=1
Cmd: disassembleShader
  api=4 insize=6182 outsize=8720 ok=1
Cmd: disassembleShader
  api=4 insize=7326 outsize=10307 ok=1
Cmd: disassembleShader
  api=4 insize=6162 outsize=8713 ok=1
Cmd: disassembleShader
  api=4 insize=1602 outsize=2933 ok=1
Cmd: disassembleShader
  api=4 insize=1982 outsize=3417 ok=1
Cmd: disassembleShader
  api=4 insize=1602 outsize=2933 ok=1
Cmd: disassembleShader
  api=4 insize=2050 outsize=3547 ok=1
Cmd: disassembleShader
  api=4 insize=1778 outsize=3214 ok=1
Cmd: disassembleShader
  api=4 insize=1670 outsize=3056 ok=1
Cmd: disassembleShader
  api=4 insize=1670 outsize=3056 ok=1
Cmd: disassembleShader
  api=4 insize=1670 outsize=3056 ok=1
Cmd: disassembleShader
  api=4 insize=1602 outsize=2933 ok=1
Cmd: disassembleShader
  api=4 insize=3486 outsize=5124 ok=1
Cmd: disassembleShader
  api=4 insize=3918 outsize=5721 ok=1
Cmd: disassembleShader
  api=4 insize=4026 outsize=5931 ok=1
Cmd: disassembleShader
  api=4 insize=4738 outsize=6834 ok=1
Cmd: disassembleShader
  api=4 insize=4394 outsize=6470 ok=1
Cmd: disassembleShader
  api=4 insize=4174 outsize=6106 ok=1
Cmd: disassembleShader
  api=4 insize=5086 outsize=7332 ok=1
Cmd: disassembleShader
  api=4 insize=5258 outsize=7514 ok=1
Cmd: disassembleShader
  api=4 insize=3826 outsize=5587 ok=1
Cmd: disassembleShader
  api=4 insize=1298 outsize=2142 ok=1
Cmd: disassembleShader
  api=4 insize=218 outsize=660 ok=1
Cmd: disassembleShader
  api=4 insize=1806 outsize=3163 ok=1
Cmd: disassembleShader
  api=4 insize=2166 outsize=3621 ok=1
Cmd: disassembleShader
  api=4 insize=1806 outsize=3163 ok=1
Cmd: disassembleShader
  api=4 insize=1550 outsize=2835 ok=1
Cmd: disassembleShader
  api=4 insize=1550 outsize=2835 ok=1
Cmd: disassembleShader
  api=4 insize=2790 outsize=4860 ok=1
Cmd: disassembleShader
  api=4 insize=2414 outsize=4317 ok=1
Cmd: disassembleShader
  api=4 insize=2310 outsize=4132 ok=1
Cmd: disassembleShader
  api=4 insize=1274 outsize=2653 ok=1
Cmd: disassembleShader
  api=4 insize=2066 outsize=3498 ok=1
Cmd: disassembleShader
  api=4 insize=2106 outsize=3600 ok=1
Cmd: disassembleShader
  api=4 insize=1982 outsize=3444 ok=1
Cmd: disassembleShader
  api=4 insize=2342 outsize=3902 ok=1
Cmd: disassembleShader
  api=4 insize=1626 outsize=2924 ok=1
Cmd: disassembleShader
  api=4 insize=2006 outsize=3408 ok=1
Cmd: disassembleShader
  api=4 insize=2802 outsize=4484 ok=1
Cmd: disassembleShader
  api=4 insize=2802 outsize=4484 ok=1
Cmd: disassembleShader
  api=4 insize=3162 outsize=4942 ok=1
Cmd: disassembleShader
  api=4 insize=1726 outsize=3116 ok=1
Cmd: compileSnippet
  api=4 type=0 insize=1272 outsize=2106 kw=DIRECTIONAL SHADOWS_SCREEN _EMISSION VERTEXLIGHT_ON _METALLICGLOSSMAP _NORMALMAP pd=UNITY_ENABLE_REFLECTION_BUFFERS UNITY_USE_DITHER_MASK_FOR_ALPHABLENDED_SHADOWS UNITY_PBS_USE_BRDF1 UNITY_SPECCUBE_BOX_PROJECTION UNITY_SPECCUBE_BLENDING UNITY_ENABLE_DETAIL_NORMALMAP SHADER_API_DESKTOP UNITY_LIGHT_PROBE_PROXY_VOLUME UNITY_LIGHTMAP_FULL_HDR ok=1
Cmd: disassembleShader
  api=4 insize=2106 outsize=3600 ok=1
Cmd: disassembleShader
  api=4 insize=2970 outsize=4903 ok=1
Cmd: disassembleShader
  api=4 insize=6358 outsize=9054 ok=1
Cmd: disassembleShader
  api=4 insize=7342 outsize=10395 ok=1
Cmd: disassembleShader
  api=4 insize=7166 outsize=10070 ok=1
Cmd: disassembleShader
  api=4 insize=3162 outsize=5143 ok=1
Cmd: disassembleShader
  api=4 insize=1678 outsize=3022 ok=1
Cmd: disassembleShader
  api=4 insize=1754 outsize=3111 ok=1
Cmd: disassembleShader
  api=4 insize=2058 outsize=3506 ok=1
Cmd: disassembleShader
  api=4 insize=1778 outsize=3214 ok=1
Cmd: disassembleShader
  api=4 insize=2202 outsize=3718 ok=1
Cmd: disassembleShader
  api=4 insize=2202 outsize=3718 ok=1
Cmd: disassembleShader
  api=4 insize=2502 outsize=4291 ok=1
Cmd: disassembleShader
  api=4 insize=2722 outsize=4628 ok=1
Cmd: disassembleShader
  api=4 insize=2354 outsize=4047 ok=1
Cmd: disassembleShader
  api=4 insize=4238 outsize=6240 ok=1
Cmd: disassembleShader
  api=4 insize=2538 outsize=4254 ok=1
Cmd: disassembleShader
  api=4 insize=2258 outsize=3926 ok=1
Cmd: disassembleShader
  api=4 insize=1418 outsize=2358 ok=1
Cmd: disassembleShader
  api=4 insize=218 outsize=660 ok=1
